# JRE version: OpenJDK Runtime Environment (8.0_242-b01) (build 1.8.0_242-release-1644-b01)
# Java VM: OpenJDK 64-Bit Server VM (25.242-b01 mixed mode windows-amd64 compressed oops)
Heap:
 PSYoungGen      total 642560K, used 16141K [0x00000000d5580000, 0x00000000ffe00000, 0x0000000100000000)
  eden space 588288K, 0% used [0x00000000d5580000,0x00000000d5580000,0x00000000f9400000)
  from space 54272K, 29% used [0x00000000fc900000,0x00000000fd8c3448,0x00000000ffe00000)
  to   space 54272K, 0% used [0x00000000f9400000,0x00000000f9400000,0x00000000fc900000)
 ParOldGen       total 287744K, used 254770K [0x0000000080000000, 0x0000000091900000, 0x00000000d5580000)
  object space 287744K, 88% used [0x0000000080000000,0x000000008f8cca68,0x0000000091900000)
 Metaspace       used 176202K, capacity 185308K, committed 185344K, reserved 1210368K
  class space    used 22469K, capacity 24285K, committed 24320K, reserved 1048576K
GC Heap History (10 events):
Event: 1128.183 GC heap after
Heap after GC invocations=42 (full 6):
 PSYoungGen      total 639488K, used 39498K [0x00000000d5580000, 0x0000000100000000, 0x0000000100000000)
  eden space 586240K, 0% used [0x00000000d5580000,0x00000000d5580000,0x00000000f9200000)
  from space 53248K, 74% used [0x00000000fcb80000,0x00000000ff212928,0x00000000fff80000)
  to   space 56320K, 0% used [0x00000000f9200000,0x00000000f9200000,0x00000000fc900000)
 ParOldGen       total 287744K, used 190689K [0x0000000080000000, 0x0000000091900000, 0x00000000d5580000)
  object space 287744K, 66% used [0x0000000080000000,0x000000008ba385d0,0x0000000091900000)
 Metaspace       used 175897K, capacity 184932K, committed 185088K, reserved 1210368K
  class space    used 22458K, capacity 24279K, committed 24320K, reserved 1048576K
}
Event: 1129.475 GC heap before
{Heap before GC invocations=43 (full 6):
 PSYoungGen      total 639488K, used 625738K [0x00000000d5580000, 0x0000000100000000, 0x0000000100000000)
  eden space 586240K, 100% used [0x00000000d5580000,0x00000000f9200000,0x00000000f9200000)
  from space 53248K, 74% used [0x00000000fcb80000,0x00000000ff212928,0x00000000fff80000)
  to   space 56320K, 0% used [0x00000000f9200000,0x00000000f9200000,0x00000000fc900000)
 ParOldGen       total 287744K, used 190689K [0x0000000080000000, 0x0000000091900000, 0x00000000d5580000)
  object space 287744K, 66% used [0x0000000080000000,0x000000008ba385d0,0x0000000091900000)
 Metaspace       used 175993K, capacity 185016K, committed 185088K, reserved 1210368K
  class space    used 22465K, capacity 24281K, committed 24320K, reserved 1048576K
Event: 1129.573 GC heap after
Heap after GC invocations=43 (full 6):
 PSYoungGen      total 642560K, used 19980K [0x00000000d5580000, 0x00000000fff00000, 0x0000000100000000)
  eden space 586240K, 0% used [0x00000000d5580000,0x00000000d5580000,0x00000000f9200000)
  from space 56320K, 35% used [0x00000000f9200000,0x00000000fa583068,0x00000000fc900000)
  to   space 54272K, 0% used [0x00000000fca00000,0x00000000fca00000,0x00000000fff00000)
 ParOldGen       total 287744K, used 211788K [0x0000000080000000, 0x0000000091900000, 0x00000000d5580000)
  object space 287744K, 73% used [0x0000000080000000,0x000000008ced3150,0x0000000091900000)
 Metaspace       used 175993K, capacity 185016K, committed 185088K, reserved 1210368K
  class space    used 22465K, capacity 24281K, committed 24320K, reserved 1048576K
}
Event: 1131.071 GC heap before
{Heap before GC invocations=44 (full 6):
 PSYoungGen      total 642560K, used 606220K [0x00000000d5580000, 0x00000000fff00000, 0x0000000100000000)
  eden space 586240K, 100% used [0x00000000d5580000,0x00000000f9200000,0x00000000f9200000)
  from space 56320K, 35% used [0x00000000f9200000,0x00000000fa583068,0x00000000fc900000)
  to   space 54272K, 0% used [0x00000000fca00000,0x00000000fca00000,0x00000000fff00000)
 ParOldGen       total 287744K, used 211788K [0x0000000080000000, 0x0000000091900000, 0x00000000d5580000)
  object space 287744K, 73% used [0x0000000080000000,0x000000008ced3150,0x0000000091900000)
 Metaspace       used 176051K, capacity 185090K, committed 185344K, reserved 1210368K
  class space    used 22467K, capacity 24282K, committed 24320K, reserved 1048576K
Event: 1131.118 GC heap after
Heap after GC invocations=44 (full 6):
 PSYoungGen      total 641536K, used 5809K [0x00000000d5580000, 0x00000000ffe00000, 0x0000000100000000)
  eden space 588288K, 0% used [0x00000000d5580000,0x00000000d5580000,0x00000000f9400000)
  from space 53248K, 10% used [0x00000000fca00000,0x00000000fcfac4c8,0x00000000ffe00000)
  to   space 54272K, 0% used [0x00000000f9400000,0x00000000f9400000,0x00000000fc900000)
 ParOldGen       total 287744K, used 226672K [0x0000000080000000, 0x0000000091900000, 0x00000000d5580000)
  object space 287744K, 78% used [0x0000000080000000,0x000000008dd5c0c8,0x0000000091900000)
 Metaspace       used 176051K, capacity 185090K, committed 185344K, reserved 1210368K
  class space    used 22467K, capacity 24282K, committed 24320K, reserved 1048576K
}
Event: 1134.084 GC heap before
{Heap before GC invocations=45 (full 6):
 PSYoungGen      total 641536K, used 594097K [0x00000000d5580000, 0x00000000ffe00000, 0x0000000100000000)
  eden space 588288K, 100% used [0x00000000d5580000,0x00000000f9400000,0x00000000f9400000)
  from space 53248K, 10% used [0x00000000fca00000,0x00000000fcfac4c8,0x00000000ffe00000)
  to   space 54272K, 0% used [0x00000000f9400000,0x00000000f9400000,0x00000000fc900000)
 ParOldGen       total 287744K, used 226672K [0x0000000080000000, 0x0000000091900000, 0x00000000d5580000)
  object space 287744K, 78% used [0x0000000080000000,0x000000008dd5c0c8,0x0000000091900000)
 Metaspace       used 176172K, capacity 185236K, committed 185344K, reserved 1210368K
  class space    used 22469K, capacity 24285K, committed 24320K, reserved 1048576K
Event: 1134.182 GC heap after
Heap after GC invocations=45 (full 6):
 PSYoungGen      total 642560K, used 35982K [0x00000000d5580000, 0x0000000100000000, 0x0000000100000000)
  eden space 588288K, 0% used [0x00000000d5580000,0x00000000d5580000,0x00000000f9400000)
  from space 54272K, 66% used [0x00000000f9400000,0x00000000fb723a00,0x00000000fc900000)
  to   space 56320K, 0% used [0x00000000fc900000,0x00000000fc900000,0x0000000100000000)
 ParOldGen       total 287744K, used 230297K [0x0000000080000000, 0x0000000091900000, 0x00000000d5580000)
  object space 287744K, 80% used [0x0000000080000000,0x000000008e0e64f0,0x0000000091900000)
 Metaspace       used 176172K, capacity 185236K, committed 185344K, reserved 1210368K
  class space    used 22469K, capacity 24285K, committed 24320K, reserved 1048576K
}
Event: 1136.243 GC heap before
{Heap before GC invocations=46 (full 6):
 PSYoungGen      total 642560K, used 624270K [0x00000000d5580000, 0x0000000100000000, 0x0000000100000000)
  eden space 588288K, 100% used [0x00000000d5580000,0x00000000f9400000,0x00000000f9400000)
  from space 54272K, 66% used [0x00000000f9400000,0x00000000fb723a00,0x00000000fc900000)
  to   space 56320K, 0% used [0x00000000fc900000,0x00000000fc900000,0x0000000100000000)
 ParOldGen       total 287744K, used 230297K [0x0000000080000000, 0x0000000091900000, 0x00000000d5580000)
  object space 287744K, 80% used [0x0000000080000000,0x000000008e0e64f0,0x0000000091900000)
 Metaspace       used 176202K, capacity 185308K, committed 185344K, reserved 1210368K
  class space    used 22469K, capacity 24285K, committed 24320K, reserved 1048576K
Event: 1136.306 GC heap after
Heap after GC invocations=46 (full 6):
 PSYoungGen      total 642560K, used 16141K [0x00000000d5580000, 0x00000000ffe00000, 0x0000000100000000)
  eden space 588288K, 0% used [0x00000000d5580000,0x00000000d5580000,0x00000000f9400000)
  from space 54272K, 29% used [0x00000000fc900000,0x00000000fd8c3448,0x00000000ffe00000)
  to   space 54272K, 0% used [0x00000000f9400000,0x00000000f9400000,0x00000000fc900000)
 ParOldGen       total 287744K, used 254770K [0x0000000080000000, 0x0000000091900000, 0x00000000d5580000)
  object space 287744K, 88% used [0x0000000080000000,0x000000008f8cca68,0x0000000091900000)
 Metaspace       used 176202K, capacity 185308K, committed 185344K, reserved 1210368K
  class space    used 22469K, capacity 24285K, committed 24320K, reserved 1048576K
}
Event: 1136.307 GC heap before
{Heap before GC invocations=47 (full 7):
 PSYoungGen      total 642560K, used 16141K [0x00000000d5580000, 0x00000000ffe00000, 0x0000000100000000)
  eden space 588288K, 0% used [0x00000000d5580000,0x00000000d5580000,0x00000000f9400000)
  from space 54272K, 29% used [0x00000000fc900000,0x00000000fd8c3448,0x00000000ffe00000)
  to   space 54272K, 0% used [0x00000000f9400000,0x00000000f9400000,0x00000000fc900000)
 ParOldGen       total 287744K, used 254770K [0x0000000080000000, 0x0000000091900000, 0x00000000d5580000)
  object space 287744K, 88% used [0x0000000080000000,0x000000008f8cca68,0x0000000091900000)
 Metaspace       used 176202K, capacity 185308K, committed 185344K, reserved 1210368K
  class space    used 22469K, capacity 24285K, committed 24320K, reserved 1048576K

