# JRE version: OpenJDK Runtime Environment (8.0_242-b01) (build 1.8.0_242-release-1644-b01)
# Java VM: OpenJDK 64-Bit Server VM (25.242-b01 mixed mode windows-amd64 compressed oops)
Heap:
 PSYoungGen      total 431616K, used 43180K [0x00000000d5580000, 0x00000000f5180000, 0x0000000100000000)
  eden space 359424K, 0% used [0x00000000d5580000,0x00000000d5580000,0x00000000eb480000)
  from space 72192K, 59% used [0x00000000f0b00000,0x00000000f352b0c8,0x00000000f5180000)
  to   space 80384K, 0% used [0x00000000eb480000,0x00000000eb480000,0x00000000f0300000)
 ParOldGen       total 242176K, used 205425K [0x0000000080000000, 0x000000008ec80000, 0x00000000d5580000)
  object space 242176K, 84% used [0x0000000080000000,0x000000008c89c788,0x000000008ec80000)
 Metaspace       used 103310K, capacity 108397K, committed 108760K, reserved 1142784K
  class space    used 13530K, capacity 14483K, committed 14592K, reserved 1048576K
GC Heap History (10 events):
Event: 40.836 GC heap after
Heap after GC invocations=18 (full 4):
 PSYoungGen      total 296960K, used 19720K [0x00000000d5580000, 0x00000000eeb00000, 0x0000000100000000)
  eden space 264704K, 0% used [0x00000000d5580000,0x00000000d5580000,0x00000000e5800000)
  from space 32256K, 61% used [0x00000000e9380000,0x00000000ea6c2090,0x00000000eb300000)
  to   space 60928K, 0% used [0x00000000e5800000,0x00000000e5800000,0x00000000e9380000)
 ParOldGen       total 242176K, used 132750K [0x0000000080000000, 0x000000008ec80000, 0x00000000d5580000)
  object space 242176K, 54% used [0x0000000080000000,0x00000000881a3970,0x000000008ec80000)
 Metaspace       used 85026K, capacity 88621K, committed 89048K, reserved 1126400K
  class space    used 11175K, capacity 11902K, committed 12032K, reserved 1048576K
}
Event: 43.016 GC heap before
{Heap before GC invocations=19 (full 4):
 PSYoungGen      total 296960K, used 284424K [0x00000000d5580000, 0x00000000eeb00000, 0x0000000100000000)
  eden space 264704K, 100% used [0x00000000d5580000,0x00000000e5800000,0x00000000e5800000)
  from space 32256K, 61% used [0x00000000e9380000,0x00000000ea6c2090,0x00000000eb300000)
  to   space 60928K, 0% used [0x00000000e5800000,0x00000000e5800000,0x00000000e9380000)
 ParOldGen       total 242176K, used 132750K [0x0000000080000000, 0x000000008ec80000, 0x00000000d5580000)
  object space 242176K, 54% used [0x0000000080000000,0x00000000881a3970,0x000000008ec80000)
 Metaspace       used 86651K, capacity 90249K, committed 90712K, reserved 1128448K
  class space    used 11308K, capacity 12036K, committed 12160K, reserved 1048576K
Event: 43.096 GC heap after
Heap after GC invocations=19 (full 4):
 PSYoungGen      total 325632K, used 27715K [0x00000000d5580000, 0x00000000f0080000, 0x0000000100000000)
  eden space 264704K, 0% used [0x00000000d5580000,0x00000000d5580000,0x00000000e5800000)
  from space 60928K, 45% used [0x00000000e5800000,0x00000000e7310ec0,0x00000000e9380000)
  to   space 59392K, 0% used [0x00000000ec680000,0x00000000ec680000,0x00000000f0080000)
 ParOldGen       total 242176K, used 150242K [0x0000000080000000, 0x000000008ec80000, 0x00000000d5580000)
  object space 242176K, 62% used [0x0000000080000000,0x00000000892b8980,0x000000008ec80000)
 Metaspace       used 86651K, capacity 90249K, committed 90712K, reserved 1128448K
  class space    used 11308K, capacity 12036K, committed 12160K, reserved 1048576K
}
Event: 48.446 GC heap before
{Heap before GC invocations=20 (full 4):
 PSYoungGen      total 325632K, used 292419K [0x00000000d5580000, 0x00000000f0080000, 0x0000000100000000)
  eden space 264704K, 100% used [0x00000000d5580000,0x00000000e5800000,0x00000000e5800000)
  from space 60928K, 45% used [0x00000000e5800000,0x00000000e7310ec0,0x00000000e9380000)
  to   space 59392K, 0% used [0x00000000ec680000,0x00000000ec680000,0x00000000f0080000)
 ParOldGen       total 242176K, used 150242K [0x0000000080000000, 0x000000008ec80000, 0x00000000d5580000)
  object space 242176K, 62% used [0x0000000080000000,0x00000000892b8980,0x000000008ec80000)
 Metaspace       used 87577K, capacity 91157K, committed 91480K, reserved 1128448K
  class space    used 11375K, capacity 12088K, committed 12160K, reserved 1048576K
Event: 48.524 GC heap after
Heap after GC invocations=20 (full 4):
 PSYoungGen      total 373760K, used 42894K [0x00000000d5580000, 0x00000000f0780000, 0x0000000100000000)
  eden space 314368K, 0% used [0x00000000d5580000,0x00000000d5580000,0x00000000e8880000)
  from space 59392K, 72% used [0x00000000ec680000,0x00000000ef063918,0x00000000f0080000)
  to   space 63488K, 0% used [0x00000000e8880000,0x00000000e8880000,0x00000000ec680000)
 ParOldGen       total 242176K, used 150250K [0x0000000080000000, 0x000000008ec80000, 0x00000000d5580000)
  object space 242176K, 62% used [0x0000000080000000,0x00000000892ba980,0x000000008ec80000)
 Metaspace       used 87577K, capacity 91157K, committed 91480K, reserved 1128448K
  class space    used 11375K, capacity 12088K, committed 12160K, reserved 1048576K
}
Event: 50.231 GC heap before
{Heap before GC invocations=21 (full 4):
 PSYoungGen      total 373760K, used 357262K [0x00000000d5580000, 0x00000000f0780000, 0x0000000100000000)
  eden space 314368K, 100% used [0x00000000d5580000,0x00000000e8880000,0x00000000e8880000)
  from space 59392K, 72% used [0x00000000ec680000,0x00000000ef063918,0x00000000f0080000)
  to   space 63488K, 0% used [0x00000000e8880000,0x00000000e8880000,0x00000000ec680000)
 ParOldGen       total 242176K, used 150250K [0x0000000080000000, 0x000000008ec80000, 0x00000000d5580000)
  object space 242176K, 62% used [0x0000000080000000,0x00000000892ba980,0x000000008ec80000)
 Metaspace       used 87855K, capacity 91399K, committed 91736K, reserved 1128448K
  class space    used 11419K, capacity 12123K, committed 12160K, reserved 1048576K
Event: 50.310 GC heap after
Heap after GC invocations=21 (full 4):
 PSYoungGen      total 377856K, used 63485K [0x00000000d5580000, 0x00000000f5a00000, 0x0000000100000000)
  eden space 314368K, 0% used [0x00000000d5580000,0x00000000d5580000,0x00000000e8880000)
  from space 63488K, 99% used [0x00000000e8880000,0x00000000ec67f6d8,0x00000000ec680000)
  to   space 80896K, 0% used [0x00000000f0b00000,0x00000000f0b00000,0x00000000f5a00000)
 ParOldGen       total 242176K, used 168435K [0x0000000080000000, 0x000000008ec80000, 0x00000000d5580000)
  object space 242176K, 69% used [0x0000000080000000,0x000000008a47ced0,0x000000008ec80000)
 Metaspace       used 87855K, capacity 91399K, committed 91736K, reserved 1128448K
  class space    used 11419K, capacity 12123K, committed 12160K, reserved 1048576K
}
Event: 110.097 GC heap before
{Heap before GC invocations=22 (full 4):
 PSYoungGen      total 377856K, used 377853K [0x00000000d5580000, 0x00000000f5a00000, 0x0000000100000000)
  eden space 314368K, 100% used [0x00000000d5580000,0x00000000e8880000,0x00000000e8880000)
  from space 63488K, 99% used [0x00000000e8880000,0x00000000ec67f6d8,0x00000000ec680000)
  to   space 80896K, 0% used [0x00000000f0b00000,0x00000000f0b00000,0x00000000f5a00000)
 ParOldGen       total 242176K, used 168435K [0x0000000080000000, 0x000000008ec80000, 0x00000000d5580000)
  object space 242176K, 69% used [0x0000000080000000,0x000000008a47ced0,0x000000008ec80000)
 Metaspace       used 103310K, capacity 108397K, committed 108760K, reserved 1142784K
  class space    used 13530K, capacity 14483K, committed 14592K, reserved 1048576K
Event: 110.223 GC heap after
Heap after GC invocations=22 (full 4):
 PSYoungGen      total 431616K, used 43180K [0x00000000d5580000, 0x00000000f5180000, 0x0000000100000000)
  eden space 359424K, 0% used [0x00000000d5580000,0x00000000d5580000,0x00000000eb480000)
  from space 72192K, 59% used [0x00000000f0b00000,0x00000000f352b0c8,0x00000000f5180000)
  to   space 80384K, 0% used [0x00000000eb480000,0x00000000eb480000,0x00000000f0300000)
 ParOldGen       total 242176K, used 205425K [0x0000000080000000, 0x000000008ec80000, 0x00000000d5580000)
  object space 242176K, 84% used [0x0000000080000000,0x000000008c89c788,0x000000008ec80000)
 Metaspace       used 103310K, capacity 108397K, committed 108760K, reserved 1142784K
  class space    used 13530K, capacity 14483K, committed 14592K, reserved 1048576K
}
Event: 110.223 GC heap before
{Heap before GC invocations=23 (full 5):
 PSYoungGen      total 431616K, used 43180K [0x00000000d5580000, 0x00000000f5180000, 0x0000000100000000)
  eden space 359424K, 0% used [0x00000000d5580000,0x00000000d5580000,0x00000000eb480000)
  from space 72192K, 59% used [0x00000000f0b00000,0x00000000f352b0c8,0x00000000f5180000)
  to   space 80384K, 0% used [0x00000000eb480000,0x00000000eb480000,0x00000000f0300000)
 ParOldGen       total 242176K, used 205425K [0x0000000080000000, 0x000000008ec80000, 0x00000000d5580000)
  object space 242176K, 84% used [0x0000000080000000,0x000000008c89c788,0x000000008ec80000)
 Metaspace       used 103310K, capacity 108397K, committed 108760K, reserved 1142784K
  class space    used 13530K, capacity 14483K, committed 14592K, reserved 1048576K

