# JRE version: OpenJDK Runtime Environment (8.0_242-b01) (build 1.8.0_242-release-1644-b01)
# Java VM: OpenJDK 64-Bit Server VM (25.242-b01 mixed mode windows-amd64 compressed oops)
Heap:
 PSYoungGen      total 537088K, used 83967K [0x00000000d5580000, 0x0000000100000000, 0x0000000100000000)
  eden space 453120K, 0% used [0x00000000d5580000,0x00000000d5580000,0x00000000f1000000)
  from space 83968K, 99% used [0x00000000fad00000,0x00000000ffeffcf0,0x00000000fff00000)
  to   space 122880K, 0% used [0x00000000f1000000,0x00000000f1000000,0x00000000f8800000)
 ParOldGen       total 314880K, used 276964K [0x0000000080000000, 0x0000000093380000, 0x00000000d5580000)
  object space 314880K, 87% used [0x0000000080000000,0x0000000090e79010,0x0000000093380000)
 Metaspace       used 177462K, capacity 185980K, committed 186280K, reserved 1212416K
  class space    used 21500K, capacity 23098K, committed 23208K, reserved 1048576K
GC Heap History (10 events):
Event: 1550.183 GC heap after
Heap after GC invocations=88 (full 8):
 PSYoungGen      total 607232K, used 17797K [0x00000000d5580000, 0x00000000ff600000, 0x0000000100000000)
  eden space 535040K, 0% used [0x00000000d5580000,0x00000000d5580000,0x00000000f6000000)
  from space 72192K, 24% used [0x00000000faf80000,0x00000000fc0e17a0,0x00000000ff600000)
  to   space 76800K, 0% used [0x00000000f6000000,0x00000000f6000000,0x00000000fab00000)
 ParOldGen       total 314880K, used 169534K [0x0000000080000000, 0x0000000093380000, 0x00000000d5580000)
  object space 314880K, 53% used [0x0000000080000000,0x000000008a58f998,0x0000000093380000)
 Metaspace       used 154253K, capacity 161980K, committed 162216K, reserved 1191936K
  class space    used 18846K, capacity 20246K, committed 20392K, reserved 1048576K
}
Event: 1560.231 GC heap before
{Heap before GC invocations=89 (full 8):
 PSYoungGen      total 607232K, used 552837K [0x00000000d5580000, 0x00000000ff600000, 0x0000000100000000)
  eden space 535040K, 100% used [0x00000000d5580000,0x00000000f6000000,0x00000000f6000000)
  from space 72192K, 24% used [0x00000000faf80000,0x00000000fc0e17a0,0x00000000ff600000)
  to   space 76800K, 0% used [0x00000000f6000000,0x00000000f6000000,0x00000000fab00000)
 ParOldGen       total 314880K, used 169534K [0x0000000080000000, 0x0000000093380000, 0x00000000d5580000)
  object space 314880K, 53% used [0x0000000080000000,0x000000008a58f998,0x0000000093380000)
 Metaspace       used 161894K, capacity 169776K, committed 169896K, reserved 1198080K
  class space    used 19713K, capacity 21156K, committed 21160K, reserved 1048576K
Event: 1560.508 GC heap after
Heap after GC invocations=89 (full 8):
 PSYoungGen      total 611840K, used 54262K [0x00000000d5580000, 0x0000000100000000, 0x0000000100000000)
  eden space 535040K, 0% used [0x00000000d5580000,0x00000000d5580000,0x00000000f6000000)
  from space 76800K, 70% used [0x00000000f6000000,0x00000000f94fd8f0,0x00000000fab00000)
  to   space 81920K, 0% used [0x00000000fb000000,0x00000000fb000000,0x0000000100000000)
 ParOldGen       total 314880K, used 184393K [0x0000000080000000, 0x0000000093380000, 0x00000000d5580000)
  object space 314880K, 58% used [0x0000000080000000,0x000000008b4125f0,0x0000000093380000)
 Metaspace       used 161894K, capacity 169776K, committed 169896K, reserved 1198080K
  class space    used 19713K, capacity 21156K, committed 21160K, reserved 1048576K
}
Event: 1593.560 GC heap before
{Heap before GC invocations=90 (full 8):
 PSYoungGen      total 611840K, used 589302K [0x00000000d5580000, 0x0000000100000000, 0x0000000100000000)
  eden space 535040K, 100% used [0x00000000d5580000,0x00000000f6000000,0x00000000f6000000)
  from space 76800K, 70% used [0x00000000f6000000,0x00000000f94fd8f0,0x00000000fab00000)
  to   space 81920K, 0% used [0x00000000fb000000,0x00000000fb000000,0x0000000100000000)
 ParOldGen       total 314880K, used 184393K [0x0000000080000000, 0x0000000093380000, 0x00000000d5580000)
  object space 314880K, 58% used [0x0000000080000000,0x000000008b4125f0,0x0000000093380000)
 Metaspace       used 164088K, capacity 172296K, committed 172584K, reserved 1200128K
  class space    used 19952K, capacity 21470K, committed 21544K, reserved 1048576K
Event: 1593.847 GC heap after
Heap after GC invocations=90 (full 8):
 PSYoungGen      total 606720K, used 58004K [0x00000000d5580000, 0x0000000100000000, 0x0000000100000000)
  eden space 524800K, 0% used [0x00000000d5580000,0x00000000d5580000,0x00000000f5600000)
  from space 81920K, 70% used [0x00000000fb000000,0x00000000fe8a53b8,0x0000000100000000)
  to   space 87040K, 0% used [0x00000000f5600000,0x00000000f5600000,0x00000000fab00000)
 ParOldGen       total 314880K, used 193154K [0x0000000080000000, 0x0000000093380000, 0x00000000d5580000)
  object space 314880K, 61% used [0x0000000080000000,0x000000008bca0890,0x0000000093380000)
 Metaspace       used 164088K, capacity 172296K, committed 172584K, reserved 1200128K
  class space    used 19952K, capacity 21470K, committed 21544K, reserved 1048576K
}
Event: 1602.847 GC heap before
{Heap before GC invocations=91 (full 8):
 PSYoungGen      total 606720K, used 582804K [0x00000000d5580000, 0x0000000100000000, 0x0000000100000000)
  eden space 524800K, 100% used [0x00000000d5580000,0x00000000f5600000,0x00000000f5600000)
  from space 81920K, 70% used [0x00000000fb000000,0x00000000fe8a53b8,0x0000000100000000)
  to   space 87040K, 0% used [0x00000000f5600000,0x00000000f5600000,0x00000000fab00000)
 ParOldGen       total 314880K, used 193154K [0x0000000080000000, 0x0000000093380000, 0x00000000d5580000)
  object space 314880K, 61% used [0x0000000080000000,0x000000008bca0890,0x0000000093380000)
 Metaspace       used 169810K, capacity 178142K, committed 178472K, reserved 1206272K
  class space    used 20634K, capacity 22191K, committed 22312K, reserved 1048576K
Event: 1602.952 GC heap after
Heap after GC invocations=91 (full 8):
 PSYoungGen      total 611840K, used 18194K [0x00000000d5580000, 0x00000000fff00000, 0x0000000100000000)
  eden space 524800K, 0% used [0x00000000d5580000,0x00000000d5580000,0x00000000f5600000)
  from space 87040K, 20% used [0x00000000f5600000,0x00000000f67c49e8,0x00000000fab00000)
  to   space 83968K, 0% used [0x00000000fad00000,0x00000000fad00000,0x00000000fff00000)
 ParOldGen       total 314880K, used 210029K [0x0000000080000000, 0x0000000093380000, 0x00000000d5580000)
  object space 314880K, 66% used [0x0000000080000000,0x000000008cd1b538,0x0000000093380000)
 Metaspace       used 169810K, capacity 178142K, committed 178472K, reserved 1206272K
  class space    used 20634K, capacity 22191K, committed 22312K, reserved 1048576K
}
Event: 3933.662 GC heap before
{Heap before GC invocations=92 (full 8):
 PSYoungGen      total 611840K, used 542994K [0x00000000d5580000, 0x00000000fff00000, 0x0000000100000000)
  eden space 524800K, 100% used [0x00000000d5580000,0x00000000f5600000,0x00000000f5600000)
  from space 87040K, 20% used [0x00000000f5600000,0x00000000f67c49e8,0x00000000fab00000)
  to   space 83968K, 0% used [0x00000000fad00000,0x00000000fad00000,0x00000000fff00000)
 ParOldGen       total 314880K, used 210029K [0x0000000080000000, 0x0000000093380000, 0x00000000d5580000)
  object space 314880K, 66% used [0x0000000080000000,0x000000008cd1b538,0x0000000093380000)
 Metaspace       used 177462K, capacity 185980K, committed 186280K, reserved 1212416K
  class space    used 21500K, capacity 23098K, committed 23208K, reserved 1048576K
Event: 3935.382 GC heap after
Heap after GC invocations=92 (full 8):
 PSYoungGen      total 537088K, used 83967K [0x00000000d5580000, 0x0000000100000000, 0x0000000100000000)
  eden space 453120K, 0% used [0x00000000d5580000,0x00000000d5580000,0x00000000f1000000)
  from space 83968K, 99% used [0x00000000fad00000,0x00000000ffeffcf0,0x00000000fff00000)
  to   space 122880K, 0% used [0x00000000f1000000,0x00000000f1000000,0x00000000f8800000)
 ParOldGen       total 314880K, used 276964K [0x0000000080000000, 0x0000000093380000, 0x00000000d5580000)
  object space 314880K, 87% used [0x0000000080000000,0x0000000090e79010,0x0000000093380000)
 Metaspace       used 177462K, capacity 185980K, committed 186280K, reserved 1212416K
  class space    used 21500K, capacity 23098K, committed 23208K, reserved 1048576K
}
Event: 3935.398 GC heap before
{Heap before GC invocations=93 (full 9):
 PSYoungGen      total 537088K, used 83967K [0x00000000d5580000, 0x0000000100000000, 0x0000000100000000)
  eden space 453120K, 0% used [0x00000000d5580000,0x00000000d5580000,0x00000000f1000000)
  from space 83968K, 99% used [0x00000000fad00000,0x00000000ffeffcf0,0x00000000fff00000)
  to   space 122880K, 0% used [0x00000000f1000000,0x00000000f1000000,0x00000000f8800000)
 ParOldGen       total 314880K, used 276964K [0x0000000080000000, 0x0000000093380000, 0x00000000d5580000)
  object space 314880K, 87% used [0x0000000080000000,0x0000000090e79010,0x0000000093380000)
 Metaspace       used 177462K, capacity 185980K, committed 186280K, reserved 1212416K
  class space    used 21500K, capacity 23098K, committed 23208K, reserved 1048576K

